<?xml version="1.0" encoding="UTF-8"?>
<testsuite xmlns:xsi="http://www.w3.org/2001/XMLSchema-instance" xsi:noNamespaceSchemaLocation="https://maven.apache.org/surefire/maven-surefire-plugin/xsd/surefire-test-report.xsd" name="com.spring.boot.cloud.currencyconversion.currencyconversionservice.CurrencyConversionServiceApplicationTests" time="6.848" tests="1" errors="0" skipped="0" failures="0">
  <properties>
    <property name="sun.desktop" value="windows"/>
    <property name="awt.toolkit" value="sun.awt.windows.WToolkit"/>
    <property name="file.encoding.pkg" value="sun.io"/>
    <property name="java.specification.version" value="1.8"/>
    <property name="sun.cpu.isalist" value="amd64"/>
    <property name="sun.jnu.encoding" value="Cp1252"/>
    <property name="java.class.path" value="D:\Interview\New folder\currency-conversion-service\target\test-classes;D:\Interview\New folder\currency-conversion-service\target\classes;C:\m2\org\springframework\boot\spring-boot-starter-web\2.2.5.RELEASE\spring-boot-starter-web-2.2.5.RELEASE.jar;C:\m2\org\springframework\boot\spring-boot-starter\2.2.5.RELEASE\spring-boot-starter-2.2.5.RELEASE.jar;C:\m2\org\springframework\boot\spring-boot-starter-logging\2.2.5.RELEASE\spring-boot-starter-logging-2.2.5.RELEASE.jar;C:\m2\ch\qos\logback\logback-classic\1.2.3\logback-classic-1.2.3.jar;C:\m2\ch\qos\logback\logback-core\1.2.3\logback-core-1.2.3.jar;C:\m2\org\apache\logging\log4j\log4j-to-slf4j\2.12.1\log4j-to-slf4j-2.12.1.jar;C:\m2\org\apache\logging\log4j\log4j-api\2.12.1\log4j-api-2.12.1.jar;C:\m2\org\slf4j\jul-to-slf4j\1.7.30\jul-to-slf4j-1.7.30.jar;C:\m2\jakarta\annotation\jakarta.annotation-api\1.3.5\jakarta.annotation-api-1.3.5.jar;C:\m2\org\yaml\snakeyaml\1.25\snakeyaml-1.25.jar;C:\m2\org\springframework\boot\spring-boot-starter-json\2.2.5.RELEASE\spring-boot-starter-json-2.2.5.RELEASE.jar;C:\m2\com\fasterxml\jackson\datatype\jackson-datatype-jdk8\2.10.2\jackson-datatype-jdk8-2.10.2.jar;C:\m2\com\fasterxml\jackson\datatype\jackson-datatype-jsr310\2.10.2\jackson-datatype-jsr310-2.10.2.jar;C:\m2\com\fasterxml\jackson\module\jackson-module-parameter-names\2.10.2\jackson-module-parameter-names-2.10.2.jar;C:\m2\org\springframework\boot\spring-boot-starter-tomcat\2.2.5.RELEASE\spring-boot-starter-tomcat-2.2.5.RELEASE.jar;C:\m2\org\apache\tomcat\embed\tomcat-embed-core\9.0.31\tomcat-embed-core-9.0.31.jar;C:\m2\org\apache\tomcat\embed\tomcat-embed-el\9.0.31\tomcat-embed-el-9.0.31.jar;C:\m2\org\apache\tomcat\embed\tomcat-embed-websocket\9.0.31\tomcat-embed-websocket-9.0.31.jar;C:\m2\org\springframework\boot\spring-boot-starter-validation\2.2.5.RELEASE\spring-boot-starter-validation-2.2.5.RELEASE.jar;C:\m2\jakarta\validation\jakarta.validation-api\2.0.2\jakarta.validation-api-2.0.2.jar;C:\m2\org\hibernate\validator\hibernate-validator\6.0.18.Final\hibernate-validator-6.0.18.Final.jar;C:\m2\org\jboss\logging\jboss-logging\3.4.1.Final\jboss-logging-3.4.1.Final.jar;C:\m2\com\fasterxml\classmate\1.5.1\classmate-1.5.1.jar;C:\m2\org\springframework\spring-web\5.2.4.RELEASE\spring-web-5.2.4.RELEASE.jar;C:\m2\org\springframework\spring-beans\5.2.4.RELEASE\spring-beans-5.2.4.RELEASE.jar;C:\m2\org\springframework\spring-webmvc\5.2.4.RELEASE\spring-webmvc-5.2.4.RELEASE.jar;C:\m2\org\springframework\spring-aop\5.2.4.RELEASE\spring-aop-5.2.4.RELEASE.jar;C:\m2\org\springframework\spring-context\5.2.4.RELEASE\spring-context-5.2.4.RELEASE.jar;C:\m2\org\springframework\spring-expression\5.2.4.RELEASE\spring-expression-5.2.4.RELEASE.jar;C:\m2\org\springframework\cloud\spring-cloud-starter-config\2.2.2.RELEASE\spring-cloud-starter-config-2.2.2.RELEASE.jar;C:\m2\org\springframework\cloud\spring-cloud-starter\2.2.2.RELEASE\spring-cloud-starter-2.2.2.RELEASE.jar;C:\m2\org\springframework\cloud\spring-cloud-context\2.2.2.RELEASE\spring-cloud-context-2.2.2.RELEASE.jar;C:\m2\org\springframework\security\spring-security-rsa\1.0.9.RELEASE\spring-security-rsa-1.0.9.RELEASE.jar;C:\m2\org\bouncycastle\bcpkix-jdk15on\1.64\bcpkix-jdk15on-1.64.jar;C:\m2\org\bouncycastle\bcprov-jdk15on\1.64\bcprov-jdk15on-1.64.jar;C:\m2\org\springframework\cloud\spring-cloud-config-client\2.2.2.RELEASE\spring-cloud-config-client-2.2.2.RELEASE.jar;C:\m2\com\fasterxml\jackson\core\jackson-annotations\2.10.2\jackson-annotations-2.10.2.jar;C:\m2\com\fasterxml\jackson\core\jackson-databind\2.10.2\jackson-databind-2.10.2.jar;C:\m2\com\fasterxml\jackson\core\jackson-core\2.10.2\jackson-core-2.10.2.jar;C:\m2\org\springframework\cloud\spring-cloud-starter-openfeign\2.2.2.RELEASE\spring-cloud-starter-openfeign-2.2.2.RELEASE.jar;C:\m2\org\springframework\cloud\spring-cloud-openfeign-core\2.2.2.RELEASE\spring-cloud-openfeign-core-2.2.2.RELEASE.jar;C:\m2\io\github\openfeign\form\feign-form-spring\3.8.0\feign-form-spring-3.8.0.jar;C:\m2\io\github\openfeign\form\feign-form\3.8.0\feign-form-3.8.0.jar;C:\m2\commons-fileupload\commons-fileupload\1.4\commons-fileupload-1.4.jar;C:\m2\commons-io\commons-io\2.2\commons-io-2.2.jar;C:\m2\org\springframework\cloud\spring-cloud-commons\2.2.2.RELEASE\spring-cloud-commons-2.2.2.RELEASE.jar;C:\m2\org\springframework\security\spring-security-crypto\5.2.2.RELEASE\spring-security-crypto-5.2.2.RELEASE.jar;C:\m2\io\github\openfeign\feign-core\10.7.4\feign-core-10.7.4.jar;C:\m2\io\github\openfeign\feign-slf4j\10.7.4\feign-slf4j-10.7.4.jar;C:\m2\org\slf4j\slf4j-api\1.7.30\slf4j-api-1.7.30.jar;C:\m2\io\github\openfeign\feign-hystrix\10.7.4\feign-hystrix-10.7.4.jar;C:\m2\com\netflix\archaius\archaius-core\0.7.6\archaius-core-0.7.6.jar;C:\m2\com\google\code\findbugs\jsr305\3.0.1\jsr305-3.0.1.jar;C:\m2\com\netflix\hystrix\hystrix-core\1.5.18\hystrix-core-1.5.18.jar;C:\m2\org\hdrhistogram\HdrHistogram\2.1.9\HdrHistogram-2.1.9.jar;C:\m2\org\springframework\cloud\spring-cloud-starter-netflix-ribbon\2.2.2.RELEASE\spring-cloud-starter-netflix-ribbon-2.2.2.RELEASE.jar;C:\m2\org\springframework\cloud\spring-cloud-netflix-ribbon\2.2.2.RELEASE\spring-cloud-netflix-ribbon-2.2.2.RELEASE.jar;C:\m2\org\springframework\cloud\spring-cloud-netflix-archaius\2.2.2.RELEASE\spring-cloud-netflix-archaius-2.2.2.RELEASE.jar;C:\m2\org\springframework\cloud\spring-cloud-starter-netflix-archaius\2.2.2.RELEASE\spring-cloud-starter-netflix-archaius-2.2.2.RELEASE.jar;C:\m2\commons-configuration\commons-configuration\1.8\commons-configuration-1.8.jar;C:\m2\com\netflix\ribbon\ribbon\2.3.0\ribbon-2.3.0.jar;C:\m2\com\netflix\ribbon\ribbon-transport\2.3.0\ribbon-transport-2.3.0.jar;C:\m2\io\reactivex\rxnetty-contexts\0.4.9\rxnetty-contexts-0.4.9.jar;C:\m2\io\reactivex\rxnetty-servo\0.4.9\rxnetty-servo-0.4.9.jar;C:\m2\javax\inject\javax.inject\1\javax.inject-1.jar;C:\m2\io\reactivex\rxnetty\0.4.9\rxnetty-0.4.9.jar;C:\m2\com\google\guava\guava\28.2-android\guava-28.2-android.jar;C:\m2\com\google\guava\failureaccess\1.0.1\failureaccess-1.0.1.jar;C:\m2\com\google\guava\listenablefuture\9999.0-empty-to-avoid-conflict-with-guava\listenablefuture-9999.0-empty-to-avoid-conflict-with-guava.jar;C:\m2\org\checkerframework\checker-compat-qual\2.5.5\checker-compat-qual-2.5.5.jar;C:\m2\com\google\errorprone\error_prone_annotations\2.3.4\error_prone_annotations-2.3.4.jar;C:\m2\com\google\j2objc\j2objc-annotations\1.3\j2objc-annotations-1.3.jar;C:\m2\com\netflix\ribbon\ribbon-core\2.3.0\ribbon-core-2.3.0.jar;C:\m2\commons-lang\commons-lang\2.6\commons-lang-2.6.jar;C:\m2\com\netflix\ribbon\ribbon-httpclient\2.3.0\ribbon-httpclient-2.3.0.jar;C:\m2\commons-collections\commons-collections\3.2.2\commons-collections-3.2.2.jar;C:\m2\org\apache\httpcomponents\httpclient\4.5.11\httpclient-4.5.11.jar;C:\m2\org\apache\httpcomponents\httpcore\4.4.13\httpcore-4.4.13.jar;C:\m2\commons-codec\commons-codec\1.13\commons-codec-1.13.jar;C:\m2\com\sun\jersey\jersey-client\1.19.1\jersey-client-1.19.1.jar;C:\m2\com\sun\jersey\contribs\jersey-apache-client4\1.19.1\jersey-apache-client4-1.19.1.jar;C:\m2\com\netflix\servo\servo-core\0.12.21\servo-core-0.12.21.jar;C:\m2\com\netflix\netflix-commons\netflix-commons-util\0.3.0\netflix-commons-util-0.3.0.jar;C:\m2\com\netflix\ribbon\ribbon-loadbalancer\2.3.0\ribbon-loadbalancer-2.3.0.jar;C:\m2\com\netflix\netflix-commons\netflix-statistics\0.1.1\netflix-statistics-0.1.1.jar;C:\m2\io\reactivex\rxjava\1.3.8\rxjava-1.3.8.jar;C:\m2\org\springframework\cloud\spring-cloud-starter-netflix-eureka-client\2.2.2.RELEASE\spring-cloud-starter-netflix-eureka-client-2.2.2.RELEASE.jar;C:\m2\org\springframework\cloud\spring-cloud-netflix-hystrix\2.2.2.RELEASE\spring-cloud-netflix-hystrix-2.2.2.RELEASE.jar;C:\m2\org\springframework\cloud\spring-cloud-netflix-eureka-client\2.2.2.RELEASE\spring-cloud-netflix-eureka-client-2.2.2.RELEASE.jar;C:\m2\com\netflix\eureka\eureka-client\1.9.17\eureka-client-1.9.17.jar;C:\m2\org\codehaus\jettison\jettison\1.3.7\jettison-1.3.7.jar;C:\m2\stax\stax-api\1.0.1\stax-api-1.0.1.jar;C:\m2\com\netflix\netflix-commons\netflix-eventbus\0.3.0\netflix-eventbus-0.3.0.jar;C:\m2\com\netflix\netflix-commons\netflix-infix\0.3.0\netflix-infix-0.3.0.jar;C:\m2\commons-jxpath\commons-jxpath\1.3\commons-jxpath-1.3.jar;C:\m2\joda-time\joda-time\2.10.5\joda-time-2.10.5.jar;C:\m2\org\antlr\antlr-runtime\3.4\antlr-runtime-3.4.jar;C:\m2\org\antlr\stringtemplate\3.2.1\stringtemplate-3.2.1.jar;C:\m2\antlr\antlr\2.7.7\antlr-2.7.7.jar;C:\m2\com\google\code\gson\gson\2.8.6\gson-2.8.6.jar;C:\m2\org\apache\commons\commons-math\2.2\commons-math-2.2.jar;C:\m2\javax\ws\rs\jsr311-api\1.1.1\jsr311-api-1.1.1.jar;C:\m2\com\sun\jersey\jersey-core\1.19.1\jersey-core-1.19.1.jar;C:\m2\com\google\inject\guice\4.1.0\guice-4.1.0.jar;C:\m2\aopalliance\aopalliance\1.0\aopalliance-1.0.jar;C:\m2\com\netflix\eureka\eureka-core\1.9.17\eureka-core-1.9.17.jar;C:\m2\com\fasterxml\woodstox\woodstox-core\5.2.1\woodstox-core-5.2.1.jar;C:\m2\org\codehaus\woodstox\stax2-api\4.2\stax2-api-4.2.jar;C:\m2\org\springframework\cloud\spring-cloud-starter-loadbalancer\2.2.2.RELEASE\spring-cloud-starter-loadbalancer-2.2.2.RELEASE.jar;C:\m2\org\springframework\cloud\spring-cloud-loadbalancer\2.2.2.RELEASE\spring-cloud-loadbalancer-2.2.2.RELEASE.jar;C:\m2\io\projectreactor\reactor-core\3.3.3.RELEASE\reactor-core-3.3.3.RELEASE.jar;C:\m2\org\reactivestreams\reactive-streams\1.0.3\reactive-streams-1.0.3.jar;C:\m2\io\projectreactor\addons\reactor-extra\3.3.2.RELEASE\reactor-extra-3.3.2.RELEASE.jar;C:\m2\org\springframework\boot\spring-boot-starter-cache\2.2.5.RELEASE\spring-boot-starter-cache-2.2.5.RELEASE.jar;C:\m2\org\springframework\spring-context-support\5.2.4.RELEASE\spring-context-support-5.2.4.RELEASE.jar;C:\m2\com\stoyanr\evictor\1.0.0\evictor-1.0.0.jar;C:\m2\com\netflix\ribbon\ribbon-eureka\2.3.0\ribbon-eureka-2.3.0.jar;C:\m2\com\thoughtworks\xstream\xstream\1.4.11.1\xstream-1.4.11.1.jar;C:\m2\xmlpull\xmlpull\1.1.3.1\xmlpull-1.1.3.1.jar;C:\m2\xpp3\xpp3_min\1.1.4c\xpp3_min-1.1.4c.jar;C:\m2\org\springframework\cloud\spring-cloud-starter-sleuth\2.2.2.RELEASE\spring-cloud-starter-sleuth-2.2.2.RELEASE.jar;C:\m2\org\springframework\boot\spring-boot-starter-aop\2.2.5.RELEASE\spring-boot-starter-aop-2.2.5.RELEASE.jar;C:\m2\org\aspectj\aspectjweaver\1.9.5\aspectjweaver-1.9.5.jar;C:\m2\org\springframework\cloud\spring-cloud-sleuth-core\2.2.2.RELEASE\spring-cloud-sleuth-core-2.2.2.RELEASE.jar;C:\m2\org\aspectj\aspectjrt\1.9.5\aspectjrt-1.9.5.jar;C:\m2\io\zipkin\brave\brave\5.10.1\brave-5.10.1.jar;C:\m2\io\zipkin\zipkin2\zipkin\2.19.3\zipkin-2.19.3.jar;C:\m2\io\zipkin\reporter2\zipkin-reporter\2.12.1\zipkin-reporter-2.12.1.jar;C:\m2\io\zipkin\brave\brave-context-log4j2\5.10.1\brave-context-log4j2-5.10.1.jar;C:\m2\io\zipkin\brave\brave-instrumentation-messaging\5.10.1\brave-instrumentation-messaging-5.10.1.jar;C:\m2\io\zipkin\brave\brave-instrumentation-rpc\5.10.1\brave-instrumentation-rpc-5.10.1.jar;C:\m2\io\zipkin\brave\brave-instrumentation-spring-web\5.10.1\brave-instrumentation-spring-web-5.10.1.jar;C:\m2\io\zipkin\brave\brave-instrumentation-http\5.10.1\brave-instrumentation-http-5.10.1.jar;C:\m2\io\zipkin\brave\brave-instrumentation-spring-rabbit\5.10.1\brave-instrumentation-spring-rabbit-5.10.1.jar;C:\m2\io\zipkin\brave\brave-instrumentation-kafka-clients\5.10.1\brave-instrumentation-kafka-clients-5.10.1.jar;C:\m2\io\zipkin\brave\brave-instrumentation-kafka-streams\5.10.1\brave-instrumentation-kafka-streams-5.10.1.jar;C:\m2\io\zipkin\brave\brave-instrumentation-httpclient\5.10.1\brave-instrumentation-httpclient-5.10.1.jar;C:\m2\io\zipkin\brave\brave-instrumentation-httpasyncclient\5.10.1\brave-instrumentation-httpasyncclient-5.10.1.jar;C:\m2\io\zipkin\brave\brave-instrumentation-spring-webmvc\5.10.1\brave-instrumentation-spring-webmvc-5.10.1.jar;C:\m2\io\zipkin\brave\brave-instrumentation-servlet\5.10.1\brave-instrumentation-servlet-5.10.1.jar;C:\m2\io\zipkin\brave\brave-instrumentation-jms\5.10.1\brave-instrumentation-jms-5.10.1.jar;C:\m2\io\zipkin\reporter2\zipkin-reporter-metrics-micrometer\2.12.1\zipkin-reporter-metrics-micrometer-2.12.1.jar;C:\m2\org\springframework\boot\spring-boot-devtools\2.2.5.RELEASE\spring-boot-devtools-2.2.5.RELEASE.jar;C:\m2\org\springframework\boot\spring-boot\2.2.5.RELEASE\spring-boot-2.2.5.RELEASE.jar;C:\m2\org\springframework\boot\spring-boot-autoconfigure\2.2.5.RELEASE\spring-boot-autoconfigure-2.2.5.RELEASE.jar;C:\m2\org\springframework\boot\spring-boot-starter-test\2.2.5.RELEASE\spring-boot-starter-test-2.2.5.RELEASE.jar;C:\m2\org\springframework\boot\spring-boot-test\2.2.5.RELEASE\spring-boot-test-2.2.5.RELEASE.jar;C:\m2\org\springframework\boot\spring-boot-test-autoconfigure\2.2.5.RELEASE\spring-boot-test-autoconfigure-2.2.5.RELEASE.jar;C:\m2\com\jayway\jsonpath\json-path\2.4.0\json-path-2.4.0.jar;C:\m2\net\minidev\json-smart\2.3\json-smart-2.3.jar;C:\m2\net\minidev\accessors-smart\1.2\accessors-smart-1.2.jar;C:\m2\org\ow2\asm\asm\5.0.4\asm-5.0.4.jar;C:\m2\jakarta\xml\bind\jakarta.xml.bind-api\2.3.2\jakarta.xml.bind-api-2.3.2.jar;C:\m2\jakarta\activation\jakarta.activation-api\1.2.2\jakarta.activation-api-1.2.2.jar;C:\m2\org\junit\jupiter\junit-jupiter\5.5.2\junit-jupiter-5.5.2.jar;C:\m2\org\junit\jupiter\junit-jupiter-api\5.5.2\junit-jupiter-api-5.5.2.jar;C:\m2\org\apiguardian\apiguardian-api\1.1.0\apiguardian-api-1.1.0.jar;C:\m2\org\opentest4j\opentest4j\1.2.0\opentest4j-1.2.0.jar;C:\m2\org\junit\platform\junit-platform-commons\1.5.2\junit-platform-commons-1.5.2.jar;C:\m2\org\junit\jupiter\junit-jupiter-params\5.5.2\junit-jupiter-params-5.5.2.jar;C:\m2\org\junit\jupiter\junit-jupiter-engine\5.5.2\junit-jupiter-engine-5.5.2.jar;C:\m2\org\junit\platform\junit-platform-engine\1.5.2\junit-platform-engine-1.5.2.jar;C:\m2\org\mockito\mockito-junit-jupiter\3.1.0\mockito-junit-jupiter-3.1.0.jar;C:\m2\org\assertj\assertj-core\3.13.2\assertj-core-3.13.2.jar;C:\m2\org\hamcrest\hamcrest\2.1\hamcrest-2.1.jar;C:\m2\org\mockito\mockito-core\3.1.0\mockito-core-3.1.0.jar;C:\m2\net\bytebuddy\byte-buddy\1.10.8\byte-buddy-1.10.8.jar;C:\m2\net\bytebuddy\byte-buddy-agent\1.10.8\byte-buddy-agent-1.10.8.jar;C:\m2\org\objenesis\objenesis\2.6\objenesis-2.6.jar;C:\m2\org\skyscreamer\jsonassert\1.5.0\jsonassert-1.5.0.jar;C:\m2\com\vaadin\external\google\android-json\0.0.20131108.vaadin1\android-json-0.0.20131108.vaadin1.jar;C:\m2\org\springframework\spring-core\5.2.4.RELEASE\spring-core-5.2.4.RELEASE.jar;C:\m2\org\springframework\spring-jcl\5.2.4.RELEASE\spring-jcl-5.2.4.RELEASE.jar;C:\m2\org\springframework\spring-test\5.2.4.RELEASE\spring-test-5.2.4.RELEASE.jar;C:\m2\org\xmlunit\xmlunit-core\2.6.3\xmlunit-core-2.6.3.jar;"/>
    <property name="java.vm.vendor" value="Oracle Corporation"/>
    <property name="sun.arch.data.model" value="64"/>
    <property name="user.variant" value=""/>
    <property name="java.vendor.url" value="http://java.oracle.com/"/>
    <property name="user.timezone" value="Asia/Calcutta"/>
    <property name="java.vm.specification.version" value="1.8"/>
    <property name="os.name" value="Windows 10"/>
    <property name="user.country" value="US"/>
    <property name="sun.java.launcher" value="SUN_STANDARD"/>
    <property name="sun.boot.library.path" value="C:\Program Files\Java\jdk1.8.0_72\jre\bin"/>
    <property name="sun.java.command" value="C:\Users\Amit\AppData\Local\Temp\surefire458154178932259874\surefirebooter8386863633736577169.jar C:\Users\Amit\AppData\Local\Temp\surefire458154178932259874 2021-03-28T00-22-08_580-jvmRun1 surefire4084300443061569483tmp surefire_08302060380425940110tmp"/>
    <property name="surefire.test.class.path" value="D:\Interview\New folder\currency-conversion-service\target\test-classes;D:\Interview\New folder\currency-conversion-service\target\classes;C:\m2\org\springframework\boot\spring-boot-starter-web\2.2.5.RELEASE\spring-boot-starter-web-2.2.5.RELEASE.jar;C:\m2\org\springframework\boot\spring-boot-starter\2.2.5.RELEASE\spring-boot-starter-2.2.5.RELEASE.jar;C:\m2\org\springframework\boot\spring-boot-starter-logging\2.2.5.RELEASE\spring-boot-starter-logging-2.2.5.RELEASE.jar;C:\m2\ch\qos\logback\logback-classic\1.2.3\logback-classic-1.2.3.jar;C:\m2\ch\qos\logback\logback-core\1.2.3\logback-core-1.2.3.jar;C:\m2\org\apache\logging\log4j\log4j-to-slf4j\2.12.1\log4j-to-slf4j-2.12.1.jar;C:\m2\org\apache\logging\log4j\log4j-api\2.12.1\log4j-api-2.12.1.jar;C:\m2\org\slf4j\jul-to-slf4j\1.7.30\jul-to-slf4j-1.7.30.jar;C:\m2\jakarta\annotation\jakarta.annotation-api\1.3.5\jakarta.annotation-api-1.3.5.jar;C:\m2\org\yaml\snakeyaml\1.25\snakeyaml-1.25.jar;C:\m2\org\springframework\boot\spring-boot-starter-json\2.2.5.RELEASE\spring-boot-starter-json-2.2.5.RELEASE.jar;C:\m2\com\fasterxml\jackson\datatype\jackson-datatype-jdk8\2.10.2\jackson-datatype-jdk8-2.10.2.jar;C:\m2\com\fasterxml\jackson\datatype\jackson-datatype-jsr310\2.10.2\jackson-datatype-jsr310-2.10.2.jar;C:\m2\com\fasterxml\jackson\module\jackson-module-parameter-names\2.10.2\jackson-module-parameter-names-2.10.2.jar;C:\m2\org\springframework\boot\spring-boot-starter-tomcat\2.2.5.RELEASE\spring-boot-starter-tomcat-2.2.5.RELEASE.jar;C:\m2\org\apache\tomcat\embed\tomcat-embed-core\9.0.31\tomcat-embed-core-9.0.31.jar;C:\m2\org\apache\tomcat\embed\tomcat-embed-el\9.0.31\tomcat-embed-el-9.0.31.jar;C:\m2\org\apache\tomcat\embed\tomcat-embed-websocket\9.0.31\tomcat-embed-websocket-9.0.31.jar;C:\m2\org\springframework\boot\spring-boot-starter-validation\2.2.5.RELEASE\spring-boot-starter-validation-2.2.5.RELEASE.jar;C:\m2\jakarta\validation\jakarta.validation-api\2.0.2\jakarta.validation-api-2.0.2.jar;C:\m2\org\hibernate\validator\hibernate-validator\6.0.18.Final\hibernate-validator-6.0.18.Final.jar;C:\m2\org\jboss\logging\jboss-logging\3.4.1.Final\jboss-logging-3.4.1.Final.jar;C:\m2\com\fasterxml\classmate\1.5.1\classmate-1.5.1.jar;C:\m2\org\springframework\spring-web\5.2.4.RELEASE\spring-web-5.2.4.RELEASE.jar;C:\m2\org\springframework\spring-beans\5.2.4.RELEASE\spring-beans-5.2.4.RELEASE.jar;C:\m2\org\springframework\spring-webmvc\5.2.4.RELEASE\spring-webmvc-5.2.4.RELEASE.jar;C:\m2\org\springframework\spring-aop\5.2.4.RELEASE\spring-aop-5.2.4.RELEASE.jar;C:\m2\org\springframework\spring-context\5.2.4.RELEASE\spring-context-5.2.4.RELEASE.jar;C:\m2\org\springframework\spring-expression\5.2.4.RELEASE\spring-expression-5.2.4.RELEASE.jar;C:\m2\org\springframework\cloud\spring-cloud-starter-config\2.2.2.RELEASE\spring-cloud-starter-config-2.2.2.RELEASE.jar;C:\m2\org\springframework\cloud\spring-cloud-starter\2.2.2.RELEASE\spring-cloud-starter-2.2.2.RELEASE.jar;C:\m2\org\springframework\cloud\spring-cloud-context\2.2.2.RELEASE\spring-cloud-context-2.2.2.RELEASE.jar;C:\m2\org\springframework\security\spring-security-rsa\1.0.9.RELEASE\spring-security-rsa-1.0.9.RELEASE.jar;C:\m2\org\bouncycastle\bcpkix-jdk15on\1.64\bcpkix-jdk15on-1.64.jar;C:\m2\org\bouncycastle\bcprov-jdk15on\1.64\bcprov-jdk15on-1.64.jar;C:\m2\org\springframework\cloud\spring-cloud-config-client\2.2.2.RELEASE\spring-cloud-config-client-2.2.2.RELEASE.jar;C:\m2\com\fasterxml\jackson\core\jackson-annotations\2.10.2\jackson-annotations-2.10.2.jar;C:\m2\com\fasterxml\jackson\core\jackson-databind\2.10.2\jackson-databind-2.10.2.jar;C:\m2\com\fasterxml\jackson\core\jackson-core\2.10.2\jackson-core-2.10.2.jar;C:\m2\org\springframework\cloud\spring-cloud-starter-openfeign\2.2.2.RELEASE\spring-cloud-starter-openfeign-2.2.2.RELEASE.jar;C:\m2\org\springframework\cloud\spring-cloud-openfeign-core\2.2.2.RELEASE\spring-cloud-openfeign-core-2.2.2.RELEASE.jar;C:\m2\io\github\openfeign\form\feign-form-spring\3.8.0\feign-form-spring-3.8.0.jar;C:\m2\io\github\openfeign\form\feign-form\3.8.0\feign-form-3.8.0.jar;C:\m2\commons-fileupload\commons-fileupload\1.4\commons-fileupload-1.4.jar;C:\m2\commons-io\commons-io\2.2\commons-io-2.2.jar;C:\m2\org\springframework\cloud\spring-cloud-commons\2.2.2.RELEASE\spring-cloud-commons-2.2.2.RELEASE.jar;C:\m2\org\springframework\security\spring-security-crypto\5.2.2.RELEASE\spring-security-crypto-5.2.2.RELEASE.jar;C:\m2\io\github\openfeign\feign-core\10.7.4\feign-core-10.7.4.jar;C:\m2\io\github\openfeign\feign-slf4j\10.7.4\feign-slf4j-10.7.4.jar;C:\m2\org\slf4j\slf4j-api\1.7.30\slf4j-api-1.7.30.jar;C:\m2\io\github\openfeign\feign-hystrix\10.7.4\feign-hystrix-10.7.4.jar;C:\m2\com\netflix\archaius\archaius-core\0.7.6\archaius-core-0.7.6.jar;C:\m2\com\google\code\findbugs\jsr305\3.0.1\jsr305-3.0.1.jar;C:\m2\com\netflix\hystrix\hystrix-core\1.5.18\hystrix-core-1.5.18.jar;C:\m2\org\hdrhistogram\HdrHistogram\2.1.9\HdrHistogram-2.1.9.jar;C:\m2\org\springframework\cloud\spring-cloud-starter-netflix-ribbon\2.2.2.RELEASE\spring-cloud-starter-netflix-ribbon-2.2.2.RELEASE.jar;C:\m2\org\springframework\cloud\spring-cloud-netflix-ribbon\2.2.2.RELEASE\spring-cloud-netflix-ribbon-2.2.2.RELEASE.jar;C:\m2\org\springframework\cloud\spring-cloud-netflix-archaius\2.2.2.RELEASE\spring-cloud-netflix-archaius-2.2.2.RELEASE.jar;C:\m2\org\springframework\cloud\spring-cloud-starter-netflix-archaius\2.2.2.RELEASE\spring-cloud-starter-netflix-archaius-2.2.2.RELEASE.jar;C:\m2\commons-configuration\commons-configuration\1.8\commons-configuration-1.8.jar;C:\m2\com\netflix\ribbon\ribbon\2.3.0\ribbon-2.3.0.jar;C:\m2\com\netflix\ribbon\ribbon-transport\2.3.0\ribbon-transport-2.3.0.jar;C:\m2\io\reactivex\rxnetty-contexts\0.4.9\rxnetty-contexts-0.4.9.jar;C:\m2\io\reactivex\rxnetty-servo\0.4.9\rxnetty-servo-0.4.9.jar;C:\m2\javax\inject\javax.inject\1\javax.inject-1.jar;C:\m2\io\reactivex\rxnetty\0.4.9\rxnetty-0.4.9.jar;C:\m2\com\google\guava\guava\28.2-android\guava-28.2-android.jar;C:\m2\com\google\guava\failureaccess\1.0.1\failureaccess-1.0.1.jar;C:\m2\com\google\guava\listenablefuture\9999.0-empty-to-avoid-conflict-with-guava\listenablefuture-9999.0-empty-to-avoid-conflict-with-guava.jar;C:\m2\org\checkerframework\checker-compat-qual\2.5.5\checker-compat-qual-2.5.5.jar;C:\m2\com\google\errorprone\error_prone_annotations\2.3.4\error_prone_annotations-2.3.4.jar;C:\m2\com\google\j2objc\j2objc-annotations\1.3\j2objc-annotations-1.3.jar;C:\m2\com\netflix\ribbon\ribbon-core\2.3.0\ribbon-core-2.3.0.jar;C:\m2\commons-lang\commons-lang\2.6\commons-lang-2.6.jar;C:\m2\com\netflix\ribbon\ribbon-httpclient\2.3.0\ribbon-httpclient-2.3.0.jar;C:\m2\commons-collections\commons-collections\3.2.2\commons-collections-3.2.2.jar;C:\m2\org\apache\httpcomponents\httpclient\4.5.11\httpclient-4.5.11.jar;C:\m2\org\apache\httpcomponents\httpcore\4.4.13\httpcore-4.4.13.jar;C:\m2\commons-codec\commons-codec\1.13\commons-codec-1.13.jar;C:\m2\com\sun\jersey\jersey-client\1.19.1\jersey-client-1.19.1.jar;C:\m2\com\sun\jersey\contribs\jersey-apache-client4\1.19.1\jersey-apache-client4-1.19.1.jar;C:\m2\com\netflix\servo\servo-core\0.12.21\servo-core-0.12.21.jar;C:\m2\com\netflix\netflix-commons\netflix-commons-util\0.3.0\netflix-commons-util-0.3.0.jar;C:\m2\com\netflix\ribbon\ribbon-loadbalancer\2.3.0\ribbon-loadbalancer-2.3.0.jar;C:\m2\com\netflix\netflix-commons\netflix-statistics\0.1.1\netflix-statistics-0.1.1.jar;C:\m2\io\reactivex\rxjava\1.3.8\rxjava-1.3.8.jar;C:\m2\org\springframework\cloud\spring-cloud-starter-netflix-eureka-client\2.2.2.RELEASE\spring-cloud-starter-netflix-eureka-client-2.2.2.RELEASE.jar;C:\m2\org\springframework\cloud\spring-cloud-netflix-hystrix\2.2.2.RELEASE\spring-cloud-netflix-hystrix-2.2.2.RELEASE.jar;C:\m2\org\springframework\cloud\spring-cloud-netflix-eureka-client\2.2.2.RELEASE\spring-cloud-netflix-eureka-client-2.2.2.RELEASE.jar;C:\m2\com\netflix\eureka\eureka-client\1.9.17\eureka-client-1.9.17.jar;C:\m2\org\codehaus\jettison\jettison\1.3.7\jettison-1.3.7.jar;C:\m2\stax\stax-api\1.0.1\stax-api-1.0.1.jar;C:\m2\com\netflix\netflix-commons\netflix-eventbus\0.3.0\netflix-eventbus-0.3.0.jar;C:\m2\com\netflix\netflix-commons\netflix-infix\0.3.0\netflix-infix-0.3.0.jar;C:\m2\commons-jxpath\commons-jxpath\1.3\commons-jxpath-1.3.jar;C:\m2\joda-time\joda-time\2.10.5\joda-time-2.10.5.jar;C:\m2\org\antlr\antlr-runtime\3.4\antlr-runtime-3.4.jar;C:\m2\org\antlr\stringtemplate\3.2.1\stringtemplate-3.2.1.jar;C:\m2\antlr\antlr\2.7.7\antlr-2.7.7.jar;C:\m2\com\google\code\gson\gson\2.8.6\gson-2.8.6.jar;C:\m2\org\apache\commons\commons-math\2.2\commons-math-2.2.jar;C:\m2\javax\ws\rs\jsr311-api\1.1.1\jsr311-api-1.1.1.jar;C:\m2\com\sun\jersey\jersey-core\1.19.1\jersey-core-1.19.1.jar;C:\m2\com\google\inject\guice\4.1.0\guice-4.1.0.jar;C:\m2\aopalliance\aopalliance\1.0\aopalliance-1.0.jar;C:\m2\com\netflix\eureka\eureka-core\1.9.17\eureka-core-1.9.17.jar;C:\m2\com\fasterxml\woodstox\woodstox-core\5.2.1\woodstox-core-5.2.1.jar;C:\m2\org\codehaus\woodstox\stax2-api\4.2\stax2-api-4.2.jar;C:\m2\org\springframework\cloud\spring-cloud-starter-loadbalancer\2.2.2.RELEASE\spring-cloud-starter-loadbalancer-2.2.2.RELEASE.jar;C:\m2\org\springframework\cloud\spring-cloud-loadbalancer\2.2.2.RELEASE\spring-cloud-loadbalancer-2.2.2.RELEASE.jar;C:\m2\io\projectreactor\reactor-core\3.3.3.RELEASE\reactor-core-3.3.3.RELEASE.jar;C:\m2\org\reactivestreams\reactive-streams\1.0.3\reactive-streams-1.0.3.jar;C:\m2\io\projectreactor\addons\reactor-extra\3.3.2.RELEASE\reactor-extra-3.3.2.RELEASE.jar;C:\m2\org\springframework\boot\spring-boot-starter-cache\2.2.5.RELEASE\spring-boot-starter-cache-2.2.5.RELEASE.jar;C:\m2\org\springframework\spring-context-support\5.2.4.RELEASE\spring-context-support-5.2.4.RELEASE.jar;C:\m2\com\stoyanr\evictor\1.0.0\evictor-1.0.0.jar;C:\m2\com\netflix\ribbon\ribbon-eureka\2.3.0\ribbon-eureka-2.3.0.jar;C:\m2\com\thoughtworks\xstream\xstream\1.4.11.1\xstream-1.4.11.1.jar;C:\m2\xmlpull\xmlpull\1.1.3.1\xmlpull-1.1.3.1.jar;C:\m2\xpp3\xpp3_min\1.1.4c\xpp3_min-1.1.4c.jar;C:\m2\org\springframework\cloud\spring-cloud-starter-sleuth\2.2.2.RELEASE\spring-cloud-starter-sleuth-2.2.2.RELEASE.jar;C:\m2\org\springframework\boot\spring-boot-starter-aop\2.2.5.RELEASE\spring-boot-starter-aop-2.2.5.RELEASE.jar;C:\m2\org\aspectj\aspectjweaver\1.9.5\aspectjweaver-1.9.5.jar;C:\m2\org\springframework\cloud\spring-cloud-sleuth-core\2.2.2.RELEASE\spring-cloud-sleuth-core-2.2.2.RELEASE.jar;C:\m2\org\aspectj\aspectjrt\1.9.5\aspectjrt-1.9.5.jar;C:\m2\io\zipkin\brave\brave\5.10.1\brave-5.10.1.jar;C:\m2\io\zipkin\zipkin2\zipkin\2.19.3\zipkin-2.19.3.jar;C:\m2\io\zipkin\reporter2\zipkin-reporter\2.12.1\zipkin-reporter-2.12.1.jar;C:\m2\io\zipkin\brave\brave-context-log4j2\5.10.1\brave-context-log4j2-5.10.1.jar;C:\m2\io\zipkin\brave\brave-instrumentation-messaging\5.10.1\brave-instrumentation-messaging-5.10.1.jar;C:\m2\io\zipkin\brave\brave-instrumentation-rpc\5.10.1\brave-instrumentation-rpc-5.10.1.jar;C:\m2\io\zipkin\brave\brave-instrumentation-spring-web\5.10.1\brave-instrumentation-spring-web-5.10.1.jar;C:\m2\io\zipkin\brave\brave-instrumentation-http\5.10.1\brave-instrumentation-http-5.10.1.jar;C:\m2\io\zipkin\brave\brave-instrumentation-spring-rabbit\5.10.1\brave-instrumentation-spring-rabbit-5.10.1.jar;C:\m2\io\zipkin\brave\brave-instrumentation-kafka-clients\5.10.1\brave-instrumentation-kafka-clients-5.10.1.jar;C:\m2\io\zipkin\brave\brave-instrumentation-kafka-streams\5.10.1\brave-instrumentation-kafka-streams-5.10.1.jar;C:\m2\io\zipkin\brave\brave-instrumentation-httpclient\5.10.1\brave-instrumentation-httpclient-5.10.1.jar;C:\m2\io\zipkin\brave\brave-instrumentation-httpasyncclient\5.10.1\brave-instrumentation-httpasyncclient-5.10.1.jar;C:\m2\io\zipkin\brave\brave-instrumentation-spring-webmvc\5.10.1\brave-instrumentation-spring-webmvc-5.10.1.jar;C:\m2\io\zipkin\brave\brave-instrumentation-servlet\5.10.1\brave-instrumentation-servlet-5.10.1.jar;C:\m2\io\zipkin\brave\brave-instrumentation-jms\5.10.1\brave-instrumentation-jms-5.10.1.jar;C:\m2\io\zipkin\reporter2\zipkin-reporter-metrics-micrometer\2.12.1\zipkin-reporter-metrics-micrometer-2.12.1.jar;C:\m2\org\springframework\boot\spring-boot-devtools\2.2.5.RELEASE\spring-boot-devtools-2.2.5.RELEASE.jar;C:\m2\org\springframework\boot\spring-boot\2.2.5.RELEASE\spring-boot-2.2.5.RELEASE.jar;C:\m2\org\springframework\boot\spring-boot-autoconfigure\2.2.5.RELEASE\spring-boot-autoconfigure-2.2.5.RELEASE.jar;C:\m2\org\springframework\boot\spring-boot-starter-test\2.2.5.RELEASE\spring-boot-starter-test-2.2.5.RELEASE.jar;C:\m2\org\springframework\boot\spring-boot-test\2.2.5.RELEASE\spring-boot-test-2.2.5.RELEASE.jar;C:\m2\org\springframework\boot\spring-boot-test-autoconfigure\2.2.5.RELEASE\spring-boot-test-autoconfigure-2.2.5.RELEASE.jar;C:\m2\com\jayway\jsonpath\json-path\2.4.0\json-path-2.4.0.jar;C:\m2\net\minidev\json-smart\2.3\json-smart-2.3.jar;C:\m2\net\minidev\accessors-smart\1.2\accessors-smart-1.2.jar;C:\m2\org\ow2\asm\asm\5.0.4\asm-5.0.4.jar;C:\m2\jakarta\xml\bind\jakarta.xml.bind-api\2.3.2\jakarta.xml.bind-api-2.3.2.jar;C:\m2\jakarta\activation\jakarta.activation-api\1.2.2\jakarta.activation-api-1.2.2.jar;C:\m2\org\junit\jupiter\junit-jupiter\5.5.2\junit-jupiter-5.5.2.jar;C:\m2\org\junit\jupiter\junit-jupiter-api\5.5.2\junit-jupiter-api-5.5.2.jar;C:\m2\org\apiguardian\apiguardian-api\1.1.0\apiguardian-api-1.1.0.jar;C:\m2\org\opentest4j\opentest4j\1.2.0\opentest4j-1.2.0.jar;C:\m2\org\junit\platform\junit-platform-commons\1.5.2\junit-platform-commons-1.5.2.jar;C:\m2\org\junit\jupiter\junit-jupiter-params\5.5.2\junit-jupiter-params-5.5.2.jar;C:\m2\org\junit\jupiter\junit-jupiter-engine\5.5.2\junit-jupiter-engine-5.5.2.jar;C:\m2\org\junit\platform\junit-platform-engine\1.5.2\junit-platform-engine-1.5.2.jar;C:\m2\org\mockito\mockito-junit-jupiter\3.1.0\mockito-junit-jupiter-3.1.0.jar;C:\m2\org\assertj\assertj-core\3.13.2\assertj-core-3.13.2.jar;C:\m2\org\hamcrest\hamcrest\2.1\hamcrest-2.1.jar;C:\m2\org\mockito\mockito-core\3.1.0\mockito-core-3.1.0.jar;C:\m2\net\bytebuddy\byte-buddy\1.10.8\byte-buddy-1.10.8.jar;C:\m2\net\bytebuddy\byte-buddy-agent\1.10.8\byte-buddy-agent-1.10.8.jar;C:\m2\org\objenesis\objenesis\2.6\objenesis-2.6.jar;C:\m2\org\skyscreamer\jsonassert\1.5.0\jsonassert-1.5.0.jar;C:\m2\com\vaadin\external\google\android-json\0.0.20131108.vaadin1\android-json-0.0.20131108.vaadin1.jar;C:\m2\org\springframework\spring-core\5.2.4.RELEASE\spring-core-5.2.4.RELEASE.jar;C:\m2\org\springframework\spring-jcl\5.2.4.RELEASE\spring-jcl-5.2.4.RELEASE.jar;C:\m2\org\springframework\spring-test\5.2.4.RELEASE\spring-test-5.2.4.RELEASE.jar;C:\m2\org\xmlunit\xmlunit-core\2.6.3\xmlunit-core-2.6.3.jar;"/>
    <property name="sun.cpu.endian" value="little"/>
    <property name="user.home" value="C:\Users\Amit"/>
    <property name="user.language" value="en"/>
    <property name="java.specification.vendor" value="Oracle Corporation"/>
    <property name="java.home" value="C:\Program Files\Java\jdk1.8.0_72\jre"/>
    <property name="basedir" value="D:\Interview\New folder\currency-conversion-service"/>
    <property name="style.color" value="always"/>
    <property name="file.separator" value="\"/>
    <property name="line.separator" value="&#10;"/>
    <property name="java.vm.specification.vendor" value="Oracle Corporation"/>
    <property name="java.specification.name" value="Java Platform API Specification"/>
    <property name="java.awt.graphicsenv" value="sun.awt.Win32GraphicsEnvironment"/>
    <property name="surefire.real.class.path" value="C:\Users\Amit\AppData\Local\Temp\surefire458154178932259874\surefirebooter8386863633736577169.jar"/>
    <property name="sun.boot.class.path" value="C:\Program Files\Java\jdk1.8.0_72\jre\lib\resources.jar;C:\Program Files\Java\jdk1.8.0_72\jre\lib\rt.jar;C:\Program Files\Java\jdk1.8.0_72\jre\lib\sunrsasign.jar;C:\Program Files\Java\jdk1.8.0_72\jre\lib\jsse.jar;C:\Program Files\Java\jdk1.8.0_72\jre\lib\jce.jar;C:\Program Files\Java\jdk1.8.0_72\jre\lib\charsets.jar;C:\Program Files\Java\jdk1.8.0_72\jre\lib\jfr.jar;C:\Program Files\Java\jdk1.8.0_72\jre\classes"/>
    <property name="user.script" value=""/>
    <property name="sun.management.compiler" value="HotSpot 64-Bit Tiered Compilers"/>
    <property name="java.runtime.version" value="1.8.0_72-b15"/>
    <property name="user.name" value="Amit"/>
    <property name="path.separator" value=";"/>
    <property name="os.version" value="10.0"/>
    <property name="java.endorsed.dirs" value="C:\Program Files\Java\jdk1.8.0_72\jre\lib\endorsed"/>
    <property name="java.runtime.name" value="Java(TM) SE Runtime Environment"/>
    <property name="file.encoding" value="Cp1252"/>
    <property name="java.vm.name" value="Java HotSpot(TM) 64-Bit Server VM"/>
    <property name="localRepository" value="C:\m2"/>
    <property name="java.vendor.url.bug" value="http://bugreport.sun.com/bugreport/"/>
    <property name="java.io.tmpdir" value="C:\Users\Amit\AppData\Local\Temp\"/>
    <property name="java.version" value="1.8.0_72"/>
    <property name="user.dir" value="D:\Interview\New folder\currency-conversion-service"/>
    <property name="os.arch" value="amd64"/>
    <property name="java.vm.specification.name" value="Java Virtual Machine Specification"/>
    <property name="java.awt.printerjob" value="sun.awt.windows.WPrinterJob"/>
    <property name="sun.os.patch.level" value=""/>
    <property name="java.library.path" value="C:\Program Files\Java\jdk1.8.0_72\jre\bin;C:\Windows\Sun\Java\bin;C:\Windows\system32;C:\Windows;C:/Program Files/Java/jre1.8.0_72/bin/server;C:/Program Files/Java/jre1.8.0_72/bin;C:/Program Files/Java/jre1.8.0_72/lib/amd64;C:\ProgramData\Oracle\Java\javapath;C:\Windows\system32;C:\Windows;C:\Windows\System32\Wbem;C:\Windows\System32\WindowsPowerShell\v1.0\;C:\Windows\System32\OpenSSH\;C:\Program Files\NVIDIA Corporation\NVIDIA NvDLISR;C:\Program Files (x86)\MySQL\MySQL Fabric 1.5 &amp; MySQL Utilities 1.5\;C:\Program Files (x86)\MySQL\MySQL Fabric 1.5 &amp; MySQL Utilities 1.5\Doctrine extensions for PHP\;C:\Program Files\Microsoft VS Code\bin;C:\Program Files\nodejs\;C:\Program Files (x86)\NVIDIA Corporation\PhysX\Common;C:\ProgramData\chocolatey\bin;C:\Program Files\Git\cmd;%JAVA_HOME%\bin;%MAVEN_HOME%\bin;%M2_HOME%\bin;C:\Users\Amit\AppData\Local\Microsoft\WindowsApps;C:\Users\Amit\AppData\Roaming\npm;C:\CDrive\Software\apache-maven-3.5.2\bin;;C:\spring-tool-suite-3.9.11.RELEASE-e4.14.0-win32-x86_64\spring-tool-suite-3.9.11.RELEASE-e4.14.0-win32-x86_64\sts-bundle\sts-3.9.11.RELEASE;;."/>
    <property name="java.vm.info" value="mixed mode"/>
    <property name="java.vendor" value="Oracle Corporation"/>
    <property name="java.vm.version" value="25.72-b15"/>
    <property name="java.ext.dirs" value="C:\Program Files\Java\jdk1.8.0_72\jre\lib\ext;C:\Windows\Sun\Java\lib\ext"/>
    <property name="sun.io.unicode.encoding" value="UnicodeLittle"/>
    <property name="java.class.version" value="52.0"/>
  </properties>
  <testcase name="contextLoads" classname="com.spring.boot.cloud.currencyconversion.currencyconversionservice.CurrencyConversionServiceApplicationTests" time="0.23"/>
</testsuite>